Determining if the pthread_create exist failed with the following output:
Change Dir: /home/robotics/TungNV/DevelopAgv/catkin_ws/build/CMakeFiles/CMakeTmp

Run Build Command:"/usr/bin/make" "cmTC_23af1/fast"
/usr/bin/make -f CMakeFiles/cmTC_23af1.dir/build.make CMakeFiles/cmTC_23af1.dir/build
make[1]: Entering directory '/home/robotics/TungNV/DevelopAgv/catkin_ws/build/CMakeFiles/CMakeTmp'
Building C object CMakeFiles/cmTC_23af1.dir/CheckSymbolExists.c.o
/usr/bin/cc    -o CMakeFiles/cmTC_23af1.dir/CheckSymbolExists.c.o   -c /home/robotics/TungNV/DevelopAgv/catkin_ws/build/CMakeFiles/CMakeTmp/CheckSymbolExists.c
Linking C executable cmTC_23af1
/usr/bin/cmake -E cmake_link_script CMakeFiles/cmTC_23af1.dir/link.txt --verbose=1
/usr/bin/cc      -rdynamic CMakeFiles/cmTC_23af1.dir/CheckSymbolExists.c.o  -o cmTC_23af1 
CMakeFiles/cmTC_23af1.dir/CheckSymbolExists.c.o: In function `main':
CheckSymbolExists.c:(.text+0x1b): undefined reference to `pthread_create'
collect2: error: ld returned 1 exit status
CMakeFiles/cmTC_23af1.dir/build.make:97: recipe for target 'cmTC_23af1' failed
make[1]: *** [cmTC_23af1] Error 1
make[1]: Leaving directory '/home/robotics/TungNV/DevelopAgv/catkin_ws/build/CMakeFiles/CMakeTmp'
Makefile:126: recipe for target 'cmTC_23af1/fast' failed
make: *** [cmTC_23af1/fast] Error 2

File /home/robotics/TungNV/DevelopAgv/catkin_ws/build/CMakeFiles/CMakeTmp/CheckSymbolExists.c:
/* */
#include <pthread.h>

int main(int argc, char** argv)
{
  (void)argv;
#ifndef pthread_create
  return ((int*)(&pthread_create))[argc];
#else
  (void)argc;
  return 0;
#endif
}

Determining if the function pthread_create exists in the pthreads failed with the following output:
Change Dir: /home/robotics/TungNV/DevelopAgv/catkin_ws/build/CMakeFiles/CMakeTmp

Run Build Command:"/usr/bin/make" "cmTC_a21c6/fast"
/usr/bin/make -f CMakeFiles/cmTC_a21c6.dir/build.make CMakeFiles/cmTC_a21c6.dir/build
make[1]: Entering directory '/home/robotics/TungNV/DevelopAgv/catkin_ws/build/CMakeFiles/CMakeTmp'
Building C object CMakeFiles/cmTC_a21c6.dir/CheckFunctionExists.c.o
/usr/bin/cc   -DCHECK_FUNCTION_EXISTS=pthread_create   -o CMakeFiles/cmTC_a21c6.dir/CheckFunctionExists.c.o   -c /usr/share/cmake-3.10/Modules/CheckFunctionExists.c
Linking C executable cmTC_a21c6
/usr/bin/cmake -E cmake_link_script CMakeFiles/cmTC_a21c6.dir/link.txt --verbose=1
/usr/bin/cc  -DCHECK_FUNCTION_EXISTS=pthread_create    -rdynamic CMakeFiles/cmTC_a21c6.dir/CheckFunctionExists.c.o  -o cmTC_a21c6 -lpthreads 
/usr/bin/ld: cannot find -lpthreads
collect2: error: ld returned 1 exit status
CMakeFiles/cmTC_a21c6.dir/build.make:97: recipe for target 'cmTC_a21c6' failed
make[1]: *** [cmTC_a21c6] Error 1
make[1]: Leaving directory '/home/robotics/TungNV/DevelopAgv/catkin_ws/build/CMakeFiles/CMakeTmp'
Makefile:126: recipe for target 'cmTC_a21c6/fast' failed
make: *** [cmTC_a21c6/fast] Error 2


Determining if the include file pgm.h exists failed with the following output:
Change Dir: /home/robotics/TungNV/DevelopAgv/catkin_ws/build/CMakeFiles/CMakeTmp

Run Build Command:"/usr/bin/make" "cmTC_4e01b/fast"
/usr/bin/make -f CMakeFiles/cmTC_4e01b.dir/build.make CMakeFiles/cmTC_4e01b.dir/build
make[1]: Entering directory '/home/robotics/TungNV/DevelopAgv/catkin_ws/build/CMakeFiles/CMakeTmp'
Building CXX object CMakeFiles/cmTC_4e01b.dir/CheckIncludeFile.cxx.o
/usr/bin/c++     -o CMakeFiles/cmTC_4e01b.dir/CheckIncludeFile.cxx.o -c /home/robotics/TungNV/DevelopAgv/catkin_ws/build/CMakeFiles/CMakeTmp/CheckIncludeFile.cxx
/home/robotics/TungNV/DevelopAgv/catkin_ws/build/CMakeFiles/CMakeTmp/CheckIncludeFile.cxx:1:10: fatal error: pgm.h: No such file or directory
 #include <pgm.h>
          ^~~~~~~
compilation terminated.
CMakeFiles/cmTC_4e01b.dir/build.make:65: recipe for target 'CMakeFiles/cmTC_4e01b.dir/CheckIncludeFile.cxx.o' failed
make[1]: *** [CMakeFiles/cmTC_4e01b.dir/CheckIncludeFile.cxx.o] Error 1
make[1]: Leaving directory '/home/robotics/TungNV/DevelopAgv/catkin_ws/build/CMakeFiles/CMakeTmp'
Makefile:126: recipe for target 'cmTC_4e01b/fast' failed
make: *** [cmTC_4e01b/fast] Error 2


